{
  "0 warn pnpm": {
    "message": "using --force I sure hope you know what you are doing",
    "prefix": "/Users/JasonYoge/Study/my-new-blog"
  },
  "1 debug pnpm:scope": {
    "selected": 1
  },
  "2 debug pnpm:package-manifest": {
    "initial": {
      "name": "multiterm-astro",
      "description": "JasonYoge's personal blog built with Astro.",
      "type": "module",
      "version": "1.0.0",
      "scripts": {
        "dev": "astro dev",
        "build": "astro build",
        "postbuild": "pagefind --site dist",
        "preview": "astro preview",
        "astro": "astro"
      },
      "dependencies": {
        "@astrojs/markdown-remark": "^6.3.2",
        "@astrojs/mdx": "^4.3.0",
        "@astrojs/react": "^4.3.0",
        "@astrojs/rss": "^4.0.12",
        "@astrojs/sitemap": "^3.4.1",
        "@astrojs/ts-plugin": "^1.10.4",
        "@expo-google-fonts/jetbrains-mono": "^0.4.0",
        "@expressive-code/plugin-line-numbers": "^0.41.3",
        "@fontsource-variable/jetbrains-mono": "^5.2.6",
        "@pagefind/default-ui": "^1.3.0",
        "@resvg/resvg-js": "^2.6.2",
        "@tailwindcss/vite": "^4.1.11",
        "@types/hast": "^3.0.4",
        "@types/react": "^19.1.8",
        "@types/react-dom": "^19.1.6",
        "astro": "^5.11.1",
        "astro-expressive-code": "^0.41.3",
        "astro-icon": "^1.1.5",
        "emoji-regex": "^10.4.0",
        "gemoji": "^8.1.0",
        "hast-util-from-html-isomorphic": "^2.0.0",
        "hastscript": "^9.0.1",
        "markdown-it": "^14.1.0",
        "mdast-util-directive": "^3.1.0",
        "mdast-util-to-string": "^4.0.0",
        "react": "^19.1.0",
        "react-dom": "^19.1.0",
        "react-github-calendar": "^4.5.9",
        "reading-time": "^1.5.0",
        "rehype-autolink-headings": "^7.1.0",
        "rehype-external-links": "^3.0.0",
        "rehype-katex": "^7.0.1",
        "rehype-slug": "^6.0.0",
        "rehype-unwrap-images": "^1.0.0",
        "remark-directive": "^4.0.0",
        "remark-math": "^6.0.0",
        "sanitize-html": "^2.17.0",
        "satori": "^0.15.2",
        "satori-html": "^0.3.2",
        "tailwindcss": "^4.1.11",
        "typescript": "^5.8.3",
        "unified": "^11.0.5"
      },
      "devDependencies": {
        "@types/markdown-it": "^14.1.2",
        "@types/sanitize-html": "^2.16.0",
        "pagefind": "^1.3.0",
        "prettier": "3.6.2",
        "prettier-plugin-astro": "0.14.1",
        "sass-embedded": "^1.89.2"
      }
    },
    "prefix": "/Users/JasonYoge/Study/my-new-blog"
  },
  "3 debug pnpm:context": {
    "currentLockfileExists": false,
    "storeDir": "/Users/JasonYoge/.pnpm-store/v3",
    "virtualStoreDir": "/Users/JasonYoge/Study/my-new-blog/node_modules/.pnpm"
  },
  "4 debug pnpm:stage": {
    "prefix": "/Users/JasonYoge/Study/my-new-blog",
    "stage": "resolution_started"
  },
  "5 debug pnpm:request-retry": {
    "attempt": 1,
    "error": {
      "code": "ERR_INVALID_THIS"
    },
    "maxRetries": 2,
    "method": "GET",
    "timeout": 10000,
    "url": "https://bnpm.byted.org/@types%2Fmarkdown-it"
  },
  "6 debug pnpm:request-retry": {
    "attempt": 1,
    "error": {
      "code": "ERR_INVALID_THIS"
    },
    "maxRetries": 2,
    "method": "GET",
    "timeout": 10000,
    "url": "https://bnpm.byted.org/@types%2Fsanitize-html"
  },
  "7 debug pnpm:request-retry": {
    "attempt": 1,
    "error": {
      "code": "ERR_INVALID_THIS"
    },
    "maxRetries": 2,
    "method": "GET",
    "timeout": 10000,
    "url": "https://bnpm.byted.org/pagefind"
  },
  "8 debug pnpm:request-retry": {
    "attempt": 1,
    "error": {
      "code": "ERR_INVALID_THIS"
    },
    "maxRetries": 2,
    "method": "GET",
    "timeout": 10000,
    "url": "https://bnpm.byted.org/sass-embedded"
  },
  "9 debug pnpm:request-retry": {
    "attempt": 1,
    "error": {
      "code": "ERR_INVALID_THIS"
    },
    "maxRetries": 2,
    "method": "GET",
    "timeout": 10000,
    "url": "https://bnpm.byted.org/@astrojs%2Fmarkdown-remark"
  },
  "10 debug pnpm:request-retry": {
    "attempt": 1,
    "error": {
      "code": "ERR_INVALID_THIS"
    },
    "maxRetries": 2,
    "method": "GET",
    "timeout": 10000,
    "url": "https://bnpm.byted.org/@astrojs%2Fmdx"
  },
  "11 debug pnpm:request-retry": {
    "attempt": 1,
    "error": {
      "code": "ERR_INVALID_THIS"
    },
    "maxRetries": 2,
    "method": "GET",
    "timeout": 10000,
    "url": "https://bnpm.byted.org/@astrojs%2Freact"
  },
  "12 debug pnpm:request-retry": {
    "attempt": 1,
    "error": {
      "code": "ERR_INVALID_THIS"
    },
    "maxRetries": 2,
    "method": "GET",
    "timeout": 10000,
    "url": "https://bnpm.byted.org/@astrojs%2Frss"
  },
  "13 debug pnpm:request-retry": {
    "attempt": 1,
    "error": {
      "code": "ERR_INVALID_THIS"
    },
    "maxRetries": 2,
    "method": "GET",
    "timeout": 10000,
    "url": "https://bnpm.byted.org/@astrojs%2Fsitemap"
  },
  "14 debug pnpm:request-retry": {
    "attempt": 1,
    "error": {
      "code": "ERR_INVALID_THIS"
    },
    "maxRetries": 2,
    "method": "GET",
    "timeout": 10000,
    "url": "https://bnpm.byted.org/@astrojs%2Fts-plugin"
  },
  "15 debug pnpm:request-retry": {
    "attempt": 1,
    "error": {
      "code": "ERR_INVALID_THIS"
    },
    "maxRetries": 2,
    "method": "GET",
    "timeout": 10000,
    "url": "https://bnpm.byted.org/@expo-google-fonts%2Fjetbrains-mono"
  },
  "16 debug pnpm:request-retry": {
    "attempt": 1,
    "error": {
      "code": "ERR_INVALID_THIS"
    },
    "maxRetries": 2,
    "method": "GET",
    "timeout": 10000,
    "url": "https://bnpm.byted.org/@expressive-code%2Fplugin-line-numbers"
  },
  "17 debug pnpm:request-retry": {
    "attempt": 1,
    "error": {
      "code": "ERR_INVALID_THIS"
    },
    "maxRetries": 2,
    "method": "GET",
    "timeout": 10000,
    "url": "https://bnpm.byted.org/@fontsource-variable%2Fjetbrains-mono"
  },
  "18 debug pnpm:request-retry": {
    "attempt": 1,
    "error": {
      "code": "ERR_INVALID_THIS"
    },
    "maxRetries": 2,
    "method": "GET",
    "timeout": 10000,
    "url": "https://bnpm.byted.org/@pagefind%2Fdefault-ui"
  },
  "19 debug pnpm:request-retry": {
    "attempt": 1,
    "error": {
      "code": "ERR_INVALID_THIS"
    },
    "maxRetries": 2,
    "method": "GET",
    "timeout": 10000,
    "url": "https://bnpm.byted.org/prettier-plugin-astro"
  },
  "20 debug pnpm:_dependency_resolved": {
    "resolution": "bnpm.byted.org/prettier/3.6.2",
    "wanted": {
      "dependentId": ".",
      "name": "prettier",
      "rawSpec": "3.6.2"
    }
  },
  "21 debug pnpm:progress": {
    "packageId": "bnpm.byted.org/prettier/3.6.2",
    "requester": "/Users/JasonYoge/Study/my-new-blog",
    "status": "resolved"
  },
  "22 debug pnpm:request-retry": {
    "attempt": 1,
    "error": {
      "code": "ERR_INVALID_THIS"
    },
    "maxRetries": 2,
    "method": "GET",
    "timeout": 10000,
    "url": "https://bnpm.byted.org/@resvg%2Fresvg-js"
  },
  "23 debug pnpm:request-retry": {
    "attempt": 2,
    "error": {
      "code": "ERR_INVALID_THIS"
    },
    "maxRetries": 2,
    "method": "GET",
    "timeout": 60000,
    "url": "https://bnpm.byted.org/@types%2Fmarkdown-it"
  },
  "24 debug pnpm:request-retry": {
    "attempt": 2,
    "error": {
      "code": "ERR_INVALID_THIS"
    },
    "maxRetries": 2,
    "method": "GET",
    "timeout": 60000,
    "url": "https://bnpm.byted.org/@types%2Fsanitize-html"
  },
  "25 debug pnpm:request-retry": {
    "attempt": 2,
    "error": {
      "code": "ERR_INVALID_THIS"
    },
    "maxRetries": 2,
    "method": "GET",
    "timeout": 60000,
    "url": "https://bnpm.byted.org/pagefind"
  },
  "26 debug pnpm:request-retry": {
    "attempt": 2,
    "error": {
      "code": "ERR_INVALID_THIS"
    },
    "maxRetries": 2,
    "method": "GET",
    "timeout": 60000,
    "url": "https://bnpm.byted.org/sass-embedded"
  },
  "27 debug pnpm:request-retry": {
    "attempt": 2,
    "error": {
      "code": "ERR_INVALID_THIS"
    },
    "maxRetries": 2,
    "method": "GET",
    "timeout": 60000,
    "url": "https://bnpm.byted.org/@astrojs%2Fmarkdown-remark"
  },
  "28 debug pnpm:request-retry": {
    "attempt": 2,
    "error": {
      "code": "ERR_INVALID_THIS"
    },
    "maxRetries": 2,
    "method": "GET",
    "timeout": 60000,
    "url": "https://bnpm.byted.org/@astrojs%2Fmdx"
  },
  "29 debug pnpm:request-retry": {
    "attempt": 2,
    "error": {
      "code": "ERR_INVALID_THIS"
    },
    "maxRetries": 2,
    "method": "GET",
    "timeout": 60000,
    "url": "https://bnpm.byted.org/@astrojs%2Freact"
  },
  "30 debug pnpm:request-retry": {
    "attempt": 2,
    "error": {
      "code": "ERR_INVALID_THIS"
    },
    "maxRetries": 2,
    "method": "GET",
    "timeout": 60000,
    "url": "https://bnpm.byted.org/@astrojs%2Frss"
  },
  "31 debug pnpm:request-retry": {
    "attempt": 2,
    "error": {
      "code": "ERR_INVALID_THIS"
    },
    "maxRetries": 2,
    "method": "GET",
    "timeout": 60000,
    "url": "https://bnpm.byted.org/@astrojs%2Fsitemap"
  },
  "32 debug pnpm:request-retry": {
    "attempt": 2,
    "error": {
      "code": "ERR_INVALID_THIS"
    },
    "maxRetries": 2,
    "method": "GET",
    "timeout": 60000,
    "url": "https://bnpm.byted.org/@astrojs%2Fts-plugin"
  },
  "33 debug pnpm:request-retry": {
    "attempt": 2,
    "error": {
      "code": "ERR_INVALID_THIS"
    },
    "maxRetries": 2,
    "method": "GET",
    "timeout": 60000,
    "url": "https://bnpm.byted.org/@expo-google-fonts%2Fjetbrains-mono"
  },
  "34 debug pnpm:request-retry": {
    "attempt": 2,
    "error": {
      "code": "ERR_INVALID_THIS"
    },
    "maxRetries": 2,
    "method": "GET",
    "timeout": 60000,
    "url": "https://bnpm.byted.org/@expressive-code%2Fplugin-line-numbers"
  },
  "35 debug pnpm:request-retry": {
    "attempt": 2,
    "error": {
      "code": "ERR_INVALID_THIS"
    },
    "maxRetries": 2,
    "method": "GET",
    "timeout": 60000,
    "url": "https://bnpm.byted.org/@fontsource-variable%2Fjetbrains-mono"
  },
  "36 debug pnpm:request-retry": {
    "attempt": 2,
    "error": {
      "code": "ERR_INVALID_THIS"
    },
    "maxRetries": 2,
    "method": "GET",
    "timeout": 60000,
    "url": "https://bnpm.byted.org/@pagefind%2Fdefault-ui"
  },
  "37 debug pnpm:request-retry": {
    "attempt": 2,
    "error": {
      "code": "ERR_INVALID_THIS"
    },
    "maxRetries": 2,
    "method": "GET",
    "timeout": 60000,
    "url": "https://bnpm.byted.org/prettier-plugin-astro"
  },
  "38 debug pnpm:request-retry": {
    "attempt": 2,
    "error": {
      "code": "ERR_INVALID_THIS"
    },
    "maxRetries": 2,
    "method": "GET",
    "timeout": 60000,
    "url": "https://bnpm.byted.org/@resvg%2Fresvg-js"
  },
  "39 debug pnpm:request-retry": {
    "attempt": 1,
    "error": {
      "code": "ERR_INVALID_THIS",
      "attempts": 1,
      "resource": "https://bnpm.byted.org/prettier/-/prettier-3.6.2.tgz"
    },
    "maxRetries": 2,
    "method": "GET",
    "timeout": 10000,
    "url": "https://bnpm.byted.org/prettier/-/prettier-3.6.2.tgz"
  },
  "40 error pnpm": {
    "code": "ERR_PNPM_META_FETCH_FAIL",
    "attempts": 1,
    "pkgsStack": [],
    "err": {
      "name": "pnpm",
      "message": "GET https://bnpm.byted.org/@types%2Fmarkdown-it: Value of \"this\" must be of type URLSearchParams",
      "code": "ERR_PNPM_META_FETCH_FAIL",
      "stack": "pnpm: GET https://bnpm.byted.org/@types%2Fmarkdown-it: Value of \"this\" must be of type URLSearchParams\n    at RetryOperation._fn (/Users/JasonYoge/.volta/tools/image/packages/pnpm/lib/node_modules/pnpm/dist/pnpm.cjs:85366:19)"
    }
  },
  "41 debug pnpm:request-retry": {
    "attempt": 1,
    "error": {
      "code": "ERR_INVALID_THIS"
    },
    "maxRetries": 2,
    "method": "GET",
    "timeout": 10000,
    "url": "https://bnpm.byted.org/@tailwindcss%2Fvite"
  },
  "42 debug pnpm:request-retry": {
    "attempt": 1,
    "error": {
      "code": "ERR_INVALID_THIS"
    },
    "maxRetries": 2,
    "method": "GET",
    "timeout": 10000,
    "url": "https://bnpm.byted.org/@types%2Fhast"
  },
  "43 debug pnpm:request-retry": {
    "attempt": 1,
    "error": {
      "code": "ERR_INVALID_THIS"
    },
    "maxRetries": 2,
    "method": "GET",
    "timeout": 10000,
    "url": "https://bnpm.byted.org/@types%2Freact"
  },
  "44 debug pnpm:request-retry": {
    "attempt": 1,
    "error": {
      "code": "ERR_INVALID_THIS"
    },
    "maxRetries": 2,
    "method": "GET",
    "timeout": 10000,
    "url": "https://bnpm.byted.org/@types%2Freact-dom"
  },
  "45 debug pnpm:request-retry": {
    "attempt": 1,
    "error": {
      "code": "ERR_INVALID_THIS"
    },
    "maxRetries": 2,
    "method": "GET",
    "timeout": 10000,
    "url": "https://bnpm.byted.org/astro"
  }
}